# JRE version: OpenJDK Runtime Environment Temurin-17.0.10+7 (17.0.10+7) (build 17.0.10+7)
# Java VM: OpenJDK 64-Bit Server VM Temurin-17.0.10+7 (17.0.10+7, mixed mode, tiered, compressed oops, compressed class ptrs, parallel gc, windows-amd64)
GC Precious Log:
 CPUs: 8 total, 8 available
 Memory: 7975M
 Large Page Support: Disabled
 NUMA Support: Disabled
 Compressed Oops: Enabled (32-bit)
 Alignments: Space 512K, Generation 512K, Heap 2M
 Heap Min Capacity: 100M
 Heap Initial Capacity: 100M
 Heap Max Capacity: 1G
 Pre-touch: Disabled
 Parallel Workers: 8
Heap:
 PSYoungGen      total 6656K, used 1565K [0x00000000eab00000, 0x00000000eb300000, 0x0000000100000000)
  eden space 5120K, 8% used [0x00000000eab00000,0x00000000eab6fe00,0x00000000eb000000)
  from space 1536K, 72% used [0x00000000eb180000,0x00000000eb297988,0x00000000eb300000)
  to   space 1536K, 0% used [0x00000000eb000000,0x00000000eb000000,0x00000000eb180000)
 ParOldGen       total 149504K, used 143341K [0x00000000c0000000, 0x00000000c9200000, 0x00000000eab00000)
  object space 149504K, 95% used [0x00000000c0000000,0x00000000c8bfb698,0x00000000c9200000)
 Metaspace       used 78526K, committed 80000K, reserved 1179648K
  class space    used 8325K, committed 8960K, reserved 1048576K
GC Heap History (20 events):
Event: 572.533 GC heap before
{Heap before GC invocations=127 (full 7):
 PSYoungGen      total 5632K, used 5581K [0x00000000eab00000, 0x00000000eb180000, 0x0000000100000000)
  eden space 5120K, 99% used [0x00000000eab00000,0x00000000eaffb740,0x00000000eb000000)
  from space 512K, 93% used [0x00000000eb100000,0x00000000eb178020,0x00000000eb180000)
  to   space 512K, 0% used [0x00000000eb080000,0x00000000eb080000,0x00000000eb100000)
 ParOldGen       total 149504K, used 110028K [0x00000000c0000000, 0x00000000c9200000, 0x00000000eab00000)
  object space 149504K, 73% used [0x00000000c0000000,0x00000000c6b73050,0x00000000c9200000)
 Metaspace       used 76231K, committed 77568K, reserved 1179648K
  class space    used 8061K, committed 8640K, reserved 1048576K
}
Event: 572.535 GC heap after
{Heap after GC invocations=127 (full 7):
 PSYoungGen      total 6144K, used 502K [0x00000000eab00000, 0x00000000eb480000, 0x0000000100000000)
  eden space 5632K, 0% used [0x00000000eab00000,0x00000000eab00000,0x00000000eb080000)
  from space 512K, 98% used [0x00000000eb080000,0x00000000eb0fd930,0x00000000eb100000)
  to   space 2048K, 0% used [0x00000000eb280000,0x00000000eb280000,0x00000000eb480000)
 ParOldGen       total 149504K, used 111165K [0x00000000c0000000, 0x00000000c9200000, 0x00000000eab00000)
  object space 149504K, 74% used [0x00000000c0000000,0x00000000c6c8f538,0x00000000c9200000)
 Metaspace       used 76231K, committed 77568K, reserved 1179648K
  class space    used 8061K, committed 8640K, reserved 1048576K
}
Event: 572.602 GC heap before
{Heap before GC invocations=128 (full 7):
 PSYoungGen      total 6144K, used 6134K [0x00000000eab00000, 0x00000000eb480000, 0x0000000100000000)
  eden space 5632K, 100% used [0x00000000eab00000,0x00000000eb080000,0x00000000eb080000)
  from space 512K, 98% used [0x00000000eb080000,0x00000000eb0fd930,0x00000000eb100000)
  to   space 2048K, 0% used [0x00000000eb280000,0x00000000eb280000,0x00000000eb480000)
 ParOldGen       total 149504K, used 111165K [0x00000000c0000000, 0x00000000c9200000, 0x00000000eab00000)
  object space 149504K, 74% used [0x00000000c0000000,0x00000000c6c8f538,0x00000000c9200000)
 Metaspace       used 76416K, committed 77760K, reserved 1179648K
  class space    used 8080K, committed 8640K, reserved 1048576K
}
Event: 572.605 GC heap after
{Heap after GC invocations=128 (full 7):
 PSYoungGen      total 6656K, used 2022K [0x00000000eab00000, 0x00000000eb700000, 0x0000000100000000)
  eden space 4608K, 0% used [0x00000000eab00000,0x00000000eab00000,0x00000000eaf80000)
  from space 2048K, 98% used [0x00000000eb280000,0x00000000eb4799b8,0x00000000eb480000)
  to   space 3072K, 0% used [0x00000000eaf80000,0x00000000eaf80000,0x00000000eb280000)
 ParOldGen       total 149504K, used 111805K [0x00000000c0000000, 0x00000000c9200000, 0x00000000eab00000)
  object space 149504K, 74% used [0x00000000c0000000,0x00000000c6d2f668,0x00000000c9200000)
 Metaspace       used 76416K, committed 77760K, reserved 1179648K
  class space    used 8080K, committed 8640K, reserved 1048576K
}
Event: 572.684 GC heap before
{Heap before GC invocations=129 (full 7):
 PSYoungGen      total 6656K, used 6630K [0x00000000eab00000, 0x00000000eb700000, 0x0000000100000000)
  eden space 4608K, 100% used [0x00000000eab00000,0x00000000eaf80000,0x00000000eaf80000)
  from space 2048K, 98% used [0x00000000eb280000,0x00000000eb4799b8,0x00000000eb480000)
  to   space 3072K, 0% used [0x00000000eaf80000,0x00000000eaf80000,0x00000000eb280000)
 ParOldGen       total 149504K, used 111805K [0x00000000c0000000, 0x00000000c9200000, 0x00000000eab00000)
  object space 149504K, 74% used [0x00000000c0000000,0x00000000c6d2f668,0x00000000c9200000)
 Metaspace       used 76622K, committed 77952K, reserved 1179648K
  class space    used 8106K, committed 8640K, reserved 1048576K
}
Event: 572.686 GC heap after
{Heap after GC invocations=129 (full 7):
 PSYoungGen      total 5632K, used 704K [0x00000000eab00000, 0x00000000eb300000, 0x0000000100000000)
  eden space 4608K, 0% used [0x00000000eab00000,0x00000000eab00000,0x00000000eaf80000)
  from space 1024K, 68% used [0x00000000eaf80000,0x00000000eb030000,0x00000000eb080000)
  to   space 1536K, 0% used [0x00000000eb180000,0x00000000eb180000,0x00000000eb300000)
 ParOldGen       total 149504K, used 112429K [0x00000000c0000000, 0x00000000c9200000, 0x00000000eab00000)
  object space 149504K, 75% used [0x00000000c0000000,0x00000000c6dcb668,0x00000000c9200000)
 Metaspace       used 76622K, committed 77952K, reserved 1179648K
  class space    used 8106K, committed 8640K, reserved 1048576K
}
Event: 572.708 GC heap before
{Heap before GC invocations=130 (full 7):
 PSYoungGen      total 5632K, used 5312K [0x00000000eab00000, 0x00000000eb300000, 0x0000000100000000)
  eden space 4608K, 100% used [0x00000000eab00000,0x00000000eaf80000,0x00000000eaf80000)
  from space 1024K, 68% used [0x00000000eaf80000,0x00000000eb030000,0x00000000eb080000)
  to   space 1536K, 0% used [0x00000000eb180000,0x00000000eb180000,0x00000000eb300000)
 ParOldGen       total 149504K, used 112429K [0x00000000c0000000, 0x00000000c9200000, 0x00000000eab00000)
  object space 149504K, 75% used [0x00000000c0000000,0x00000000c6dcb668,0x00000000c9200000)
 Metaspace       used 76661K, committed 78080K, reserved 1179648K
  class space    used 8107K, committed 8640K, reserved 1048576K
}
Event: 572.710 GC heap after
{Heap after GC invocations=130 (full 7):
 PSYoungGen      total 6656K, used 1280K [0x00000000eab00000, 0x00000000eb300000, 0x0000000100000000)
  eden space 5120K, 0% used [0x00000000eab00000,0x00000000eab00000,0x00000000eb000000)
  from space 1536K, 83% used [0x00000000eb180000,0x00000000eb2c0000,0x00000000eb300000)
  to   space 1536K, 0% used [0x00000000eb000000,0x00000000eb000000,0x00000000eb180000)
 ParOldGen       total 149504K, used 112437K [0x00000000c0000000, 0x00000000c9200000, 0x00000000eab00000)
  object space 149504K, 75% used [0x00000000c0000000,0x00000000c6dcd668,0x00000000c9200000)
 Metaspace       used 76661K, committed 78080K, reserved 1179648K
  class space    used 8107K, committed 8640K, reserved 1048576K
}
Event: 572.769 GC heap before
{Heap before GC invocations=131 (full 7):
 PSYoungGen      total 6656K, used 6400K [0x00000000eab00000, 0x00000000eb300000, 0x0000000100000000)
  eden space 5120K, 100% used [0x00000000eab00000,0x00000000eb000000,0x00000000eb000000)
  from space 1536K, 83% used [0x00000000eb180000,0x00000000eb2c0000,0x00000000eb300000)
  to   space 1536K, 0% used [0x00000000eb000000,0x00000000eb000000,0x00000000eb180000)
 ParOldGen       total 149504K, used 112437K [0x00000000c0000000, 0x00000000c9200000, 0x00000000eab00000)
  object space 149504K, 75% used [0x00000000c0000000,0x00000000c6dcd668,0x00000000c9200000)
 Metaspace       used 76784K, committed 78208K, reserved 1179648K
  class space    used 8125K, committed 8704K, reserved 1048576K
}
Event: 572.771 GC heap after
{Heap after GC invocations=131 (full 7):
 PSYoungGen      total 6656K, used 992K [0x00000000eab00000, 0x00000000eb380000, 0x0000000100000000)
  eden space 5120K, 0% used [0x00000000eab00000,0x00000000eab00000,0x00000000eb000000)
  from space 1536K, 64% used [0x00000000eb000000,0x00000000eb0f8000,0x00000000eb180000)
  to   space 1536K, 0% used [0x00000000eb200000,0x00000000eb200000,0x00000000eb380000)
 ParOldGen       total 149504K, used 112437K [0x00000000c0000000, 0x00000000c9200000, 0x00000000eab00000)
  object space 149504K, 75% used [0x00000000c0000000,0x00000000c6dcd668,0x00000000c9200000)
 Metaspace       used 76784K, committed 78208K, reserved 1179648K
  class space    used 8125K, committed 8704K, reserved 1048576K
}
Event: 572.874 GC heap before
{Heap before GC invocations=132 (full 7):
 PSYoungGen      total 6656K, used 6111K [0x00000000eab00000, 0x00000000eb380000, 0x0000000100000000)
  eden space 5120K, 99% used [0x00000000eab00000,0x00000000eaffffd8,0x00000000eb000000)
  from space 1536K, 64% used [0x00000000eb000000,0x00000000eb0f8000,0x00000000eb180000)
  to   space 1536K, 0% used [0x00000000eb200000,0x00000000eb200000,0x00000000eb380000)
 ParOldGen       total 149504K, used 143157K [0x00000000c0000000, 0x00000000c9200000, 0x00000000eab00000)
  object space 149504K, 95% used [0x00000000c0000000,0x00000000c8bcd698,0x00000000c9200000)
 Metaspace       used 77286K, committed 78656K, reserved 1179648K
  class space    used 8178K, committed 8704K, reserved 1048576K
}
Event: 572.876 GC heap after
{Heap after GC invocations=132 (full 7):
 PSYoungGen      total 6656K, used 1157K [0x00000000eab00000, 0x00000000eb380000, 0x0000000100000000)
  eden space 5120K, 0% used [0x00000000eab00000,0x00000000eab00000,0x00000000eb000000)
  from space 1536K, 75% used [0x00000000eb200000,0x00000000eb321420,0x00000000eb380000)
  to   space 1536K, 0% used [0x00000000eb000000,0x00000000eb000000,0x00000000eb180000)
 ParOldGen       total 149504K, used 143165K [0x00000000c0000000, 0x00000000c9200000, 0x00000000eab00000)
  object space 149504K, 95% used [0x00000000c0000000,0x00000000c8bcf698,0x00000000c9200000)
 Metaspace       used 77286K, committed 78656K, reserved 1179648K
  class space    used 8178K, committed 8704K, reserved 1048576K
}
Event: 588.846 GC heap before
{Heap before GC invocations=133 (full 7):
 PSYoungGen      total 6656K, used 6277K [0x00000000eab00000, 0x00000000eb380000, 0x0000000100000000)
  eden space 5120K, 100% used [0x00000000eab00000,0x00000000eb000000,0x00000000eb000000)
  from space 1536K, 75% used [0x00000000eb200000,0x00000000eb321420,0x00000000eb380000)
  to   space 1536K, 0% used [0x00000000eb000000,0x00000000eb000000,0x00000000eb180000)
 ParOldGen       total 149504K, used 143165K [0x00000000c0000000, 0x00000000c9200000, 0x00000000eab00000)
  object space 149504K, 95% used [0x00000000c0000000,0x00000000c8bcf698,0x00000000c9200000)
 Metaspace       used 77393K, committed 78848K, reserved 1179648K
  class space    used 8192K, committed 8768K, reserved 1048576K
}
Event: 588.848 GC heap after
{Heap after GC invocations=133 (full 7):
 PSYoungGen      total 6656K, used 857K [0x00000000eab00000, 0x00000000eb280000, 0x0000000100000000)
  eden space 5120K, 0% used [0x00000000eab00000,0x00000000eab00000,0x00000000eb000000)
  from space 1536K, 55% used [0x00000000eb000000,0x00000000eb0d6640,0x00000000eb180000)
  to   space 1024K, 0% used [0x00000000eb180000,0x00000000eb180000,0x00000000eb280000)
 ParOldGen       total 149504K, used 143173K [0x00000000c0000000, 0x00000000c9200000, 0x00000000eab00000)
  object space 149504K, 95% used [0x00000000c0000000,0x00000000c8bd1698,0x00000000c9200000)
 Metaspace       used 77393K, committed 78848K, reserved 1179648K
  class space    used 8192K, committed 8768K, reserved 1048576K
}
Event: 589.032 GC heap before
{Heap before GC invocations=134 (full 7):
 PSYoungGen      total 6656K, used 5974K [0x00000000eab00000, 0x00000000eb280000, 0x0000000100000000)
  eden space 5120K, 99% used [0x00000000eab00000,0x00000000eafff1c8,0x00000000eb000000)
  from space 1536K, 55% used [0x00000000eb000000,0x00000000eb0d6640,0x00000000eb180000)
  to   space 1024K, 0% used [0x00000000eb180000,0x00000000eb180000,0x00000000eb280000)
 ParOldGen       total 149504K, used 143173K [0x00000000c0000000, 0x00000000c9200000, 0x00000000eab00000)
  object space 149504K, 95% used [0x00000000c0000000,0x00000000c8bd1698,0x00000000c9200000)
 Metaspace       used 77676K, committed 79104K, reserved 1179648K
  class space    used 8214K, committed 8768K, reserved 1048576K
}
Event: 589.033 GC heap after
{Heap after GC invocations=134 (full 7):
 PSYoungGen      total 6144K, used 709K [0x00000000eab00000, 0x00000000eb280000, 0x0000000100000000)
  eden space 5120K, 0% used [0x00000000eab00000,0x00000000eab00000,0x00000000eb000000)
  from space 1024K, 69% used [0x00000000eb180000,0x00000000eb231440,0x00000000eb280000)
  to   space 1024K, 0% used [0x00000000eb080000,0x00000000eb080000,0x00000000eb180000)
 ParOldGen       total 149504K, used 143173K [0x00000000c0000000, 0x00000000c9200000, 0x00000000eab00000)
  object space 149504K, 95% used [0x00000000c0000000,0x00000000c8bd1698,0x00000000c9200000)
 Metaspace       used 77676K, committed 79104K, reserved 1179648K
  class space    used 8214K, committed 8768K, reserved 1048576K
}
Event: 589.164 GC heap before
{Heap before GC invocations=135 (full 7):
 PSYoungGen      total 6144K, used 5829K [0x00000000eab00000, 0x00000000eb280000, 0x0000000100000000)
  eden space 5120K, 100% used [0x00000000eab00000,0x00000000eb000000,0x00000000eb000000)
  from space 1024K, 69% used [0x00000000eb180000,0x00000000eb231440,0x00000000eb280000)
  to   space 1024K, 0% used [0x00000000eb080000,0x00000000eb080000,0x00000000eb180000)
 ParOldGen       total 149504K, used 143173K [0x00000000c0000000, 0x00000000c9200000, 0x00000000eab00000)
  object space 149504K, 95% used [0x00000000c0000000,0x00000000c8bd1698,0x00000000c9200000)
 Metaspace       used 78314K, committed 79808K, reserved 1179648K
  class space    used 8315K, committed 8960K, reserved 1048576K
}
Event: 589.166 GC heap after
{Heap after GC invocations=135 (full 7):
 PSYoungGen      total 6144K, used 996K [0x00000000eab00000, 0x00000000eb300000, 0x0000000100000000)
  eden space 5120K, 0% used [0x00000000eab00000,0x00000000eab00000,0x00000000eb000000)
  from space 1024K, 97% used [0x00000000eb080000,0x00000000eb179088,0x00000000eb180000)
  to   space 1536K, 0% used [0x00000000eb180000,0x00000000eb180000,0x00000000eb300000)
 ParOldGen       total 149504K, used 143205K [0x00000000c0000000, 0x00000000c9200000, 0x00000000eab00000)
  object space 149504K, 95% used [0x00000000c0000000,0x00000000c8bd9698,0x00000000c9200000)
 Metaspace       used 78314K, committed 79808K, reserved 1179648K
  class space    used 8315K, committed 8960K, reserved 1048576K
}
Event: 589.236 GC heap before
{Heap before GC invocations=136 (full 7):
 PSYoungGen      total 6144K, used 6116K [0x00000000eab00000, 0x00000000eb300000, 0x0000000100000000)
  eden space 5120K, 100% used [0x00000000eab00000,0x00000000eb000000,0x00000000eb000000)
  from space 1024K, 97% used [0x00000000eb080000,0x00000000eb179088,0x00000000eb180000)
  to   space 1536K, 0% used [0x00000000eb180000,0x00000000eb180000,0x00000000eb300000)
 ParOldGen       total 149504K, used 143205K [0x00000000c0000000, 0x00000000c9200000, 0x00000000eab00000)
  object space 149504K, 95% used [0x00000000c0000000,0x00000000c8bd9698,0x00000000c9200000)
 Metaspace       used 78526K, committed 80000K, reserved 1179648K
  class space    used 8325K, committed 8960K, reserved 1048576K
}
Event: 589.238 GC heap after
{Heap after GC invocations=136 (full 7):
 PSYoungGen      total 6656K, used 1118K [0x00000000eab00000, 0x00000000eb300000, 0x0000000100000000)
  eden space 5120K, 0% used [0x00000000eab00000,0x00000000eab00000,0x00000000eb000000)
  from space 1536K, 72% used [0x00000000eb180000,0x00000000eb297988,0x00000000eb300000)
  to   space 1536K, 0% used [0x00000000eb000000,0x00000000eb000000,0x00000000eb180000)
 ParOldGen       total 149504K, used 143341K [0x00000000c0000000, 0x00000000c9200000, 0x00000000eab00000)
  object space 149504K, 95% used [0x00000000c0000000,0x00000000c8bfb698,0x00000000c9200000)
 Metaspace       used 78526K, committed 80000K, reserved 1179648K
  class space    used 8325K, committed 8960K, reserved 1048576K
}

