# JRE version: OpenJDK Runtime Environment Temurin-17.0.10+7 (17.0.10+7) (build 17.0.10+7)
# Java VM: OpenJDK 64-Bit Server VM Temurin-17.0.10+7 (17.0.10+7, mixed mode, emulated-client, tiered, compressed oops, compressed class ptrs, g1 gc, windows-amd64)
GC Precious Log:
 CPUs: 8 total, 8 available
 Memory: 7975M
 Large Page Support: Disabled
 NUMA Support: Disabled
 Compressed Oops: Enabled (32-bit)
 Heap Region Size: 1M
 Heap Min Capacity: 8M
 Heap Initial Capacity: 126M
 Heap Max Capacity: 1G
 Pre-touch: Disabled
 Parallel Workers: 8
 Concurrent Workers: 2
 Concurrent Refinement Workers: 8
 Periodic GC: Disabled
Heap:
 garbage-first heap   total 75776K, used 33096K [0x00000000c0000000, 0x0000000100000000)
  region size 1024K, 1 young (1024K), 0 survivors (0K)
 Metaspace       used 57776K, committed 58304K, reserved 1114112K
  class space    used 7174K, committed 7424K, reserved 1048576K
GC Heap History (20 events):
Event: 481.527 GC heap before
{Heap before GC invocations=38 (full 27):
 garbage-first heap   total 75776K, used 26347K [0x00000000c0000000, 0x0000000100000000)
  region size 1024K, 1 young (1024K), 0 survivors (0K)
 Metaspace       used 47885K, committed 48576K, reserved 1114112K
  class space    used 6179K, committed 6464K, reserved 1048576K
}
Event: 481.547 GC heap after
{Heap after GC invocations=39 (full 28):
 garbage-first heap   total 75776K, used 26347K [0x00000000c0000000, 0x0000000100000000)
  region size 1024K, 0 young (0K), 0 survivors (0K)
 Metaspace       used 47885K, committed 48576K, reserved 1114112K
  class space    used 6179K, committed 6464K, reserved 1048576K
}
Event: 491.623 GC heap before
{Heap before GC invocations=39 (full 28):
 garbage-first heap   total 75776K, used 26347K [0x00000000c0000000, 0x0000000100000000)
  region size 1024K, 1 young (1024K), 0 survivors (0K)
 Metaspace       used 47885K, committed 48576K, reserved 1114112K
  class space    used 6179K, committed 6464K, reserved 1048576K
}
Event: 491.638 GC heap after
{Heap after GC invocations=40 (full 29):
 garbage-first heap   total 75776K, used 26347K [0x00000000c0000000, 0x0000000100000000)
  region size 1024K, 0 young (0K), 0 survivors (0K)
 Metaspace       used 47885K, committed 48576K, reserved 1114112K
  class space    used 6179K, committed 6464K, reserved 1048576K
}
Event: 498.853 GC heap before
{Heap before GC invocations=40 (full 29):
 garbage-first heap   total 75776K, used 55019K [0x00000000c0000000, 0x0000000100000000)
  region size 1024K, 29 young (29696K), 0 survivors (0K)
 Metaspace       used 51165K, committed 51520K, reserved 1114112K
  class space    used 6490K, committed 6656K, reserved 1048576K
}
Event: 498.857 GC heap after
{Heap after GC invocations=41 (full 29):
 garbage-first heap   total 75776K, used 30529K [0x00000000c0000000, 0x0000000100000000)
  region size 1024K, 4 young (4096K), 4 survivors (4096K)
 Metaspace       used 51165K, committed 51520K, reserved 1114112K
  class space    used 6490K, committed 6656K, reserved 1048576K
}
Event: 499.618 GC heap before
{Heap before GC invocations=41 (full 29):
 garbage-first heap   total 75776K, used 55105K [0x00000000c0000000, 0x0000000100000000)
  region size 1024K, 29 young (29696K), 4 survivors (4096K)
 Metaspace       used 55080K, committed 55552K, reserved 1114112K
  class space    used 6868K, committed 7104K, reserved 1048576K
}
Event: 499.626 GC heap after
{Heap after GC invocations=42 (full 29):
 garbage-first heap   total 75776K, used 34907K [0x00000000c0000000, 0x0000000100000000)
  region size 1024K, 4 young (4096K), 4 survivors (4096K)
 Metaspace       used 55080K, committed 55552K, reserved 1114112K
  class space    used 6868K, committed 7104K, reserved 1048576K
}
Event: 601.853 GC heap before
{Heap before GC invocations=42 (full 29):
 garbage-first heap   total 75776K, used 52315K [0x00000000c0000000, 0x0000000100000000)
  region size 1024K, 23 young (23552K), 4 survivors (4096K)
 Metaspace       used 57838K, committed 58304K, reserved 1114112K
  class space    used 7190K, committed 7424K, reserved 1048576K
}
Event: 601.885 GC heap after
{Heap after GC invocations=43 (full 30):
 garbage-first heap   total 75776K, used 35373K [0x00000000c0000000, 0x0000000100000000)
  region size 1024K, 0 young (0K), 0 survivors (0K)
 Metaspace       used 57826K, committed 58304K, reserved 1114112K
  class space    used 7187K, committed 7424K, reserved 1048576K
}
Event: 611.965 GC heap before
{Heap before GC invocations=43 (full 30):
 garbage-first heap   total 75776K, used 35373K [0x00000000c0000000, 0x0000000100000000)
  region size 1024K, 1 young (1024K), 0 survivors (0K)
 Metaspace       used 57826K, committed 58304K, reserved 1114112K
  class space    used 7187K, committed 7424K, reserved 1048576K
}
Event: 611.984 GC heap after
{Heap after GC invocations=44 (full 31):
 garbage-first heap   total 75776K, used 33096K [0x00000000c0000000, 0x0000000100000000)
  region size 1024K, 0 young (0K), 0 survivors (0K)
 Metaspace       used 57776K, committed 58304K, reserved 1114112K
  class space    used 7174K, committed 7424K, reserved 1048576K
}
Event: 622.050 GC heap before
{Heap before GC invocations=44 (full 31):
 garbage-first heap   total 75776K, used 33096K [0x00000000c0000000, 0x0000000100000000)
  region size 1024K, 1 young (1024K), 0 survivors (0K)
 Metaspace       used 57776K, committed 58304K, reserved 1114112K
  class space    used 7174K, committed 7424K, reserved 1048576K
}
Event: 622.069 GC heap after
{Heap after GC invocations=45 (full 32):
 garbage-first heap   total 75776K, used 33096K [0x00000000c0000000, 0x0000000100000000)
  region size 1024K, 0 young (0K), 0 survivors (0K)
 Metaspace       used 57776K, committed 58304K, reserved 1114112K
  class space    used 7174K, committed 7424K, reserved 1048576K
}
Event: 632.167 GC heap before
{Heap before GC invocations=45 (full 32):
 garbage-first heap   total 75776K, used 33096K [0x00000000c0000000, 0x0000000100000000)
  region size 1024K, 1 young (1024K), 0 survivors (0K)
 Metaspace       used 57776K, committed 58304K, reserved 1114112K
  class space    used 7174K, committed 7424K, reserved 1048576K
}
Event: 632.195 GC heap after
{Heap after GC invocations=46 (full 33):
 garbage-first heap   total 75776K, used 33096K [0x00000000c0000000, 0x0000000100000000)
  region size 1024K, 0 young (0K), 0 survivors (0K)
 Metaspace       used 57776K, committed 58304K, reserved 1114112K
  class space    used 7174K, committed 7424K, reserved 1048576K
}
Event: 642.276 GC heap before
{Heap before GC invocations=46 (full 33):
 garbage-first heap   total 75776K, used 33096K [0x00000000c0000000, 0x0000000100000000)
  region size 1024K, 1 young (1024K), 0 survivors (0K)
 Metaspace       used 57776K, committed 58304K, reserved 1114112K
  class space    used 7174K, committed 7424K, reserved 1048576K
}
Event: 642.303 GC heap after
{Heap after GC invocations=47 (full 34):
 garbage-first heap   total 75776K, used 33096K [0x00000000c0000000, 0x0000000100000000)
  region size 1024K, 0 young (0K), 0 survivors (0K)
 Metaspace       used 57776K, committed 58304K, reserved 1114112K
  class space    used 7174K, committed 7424K, reserved 1048576K
}
Event: 652.381 GC heap before
{Heap before GC invocations=47 (full 34):
 garbage-first heap   total 75776K, used 33096K [0x00000000c0000000, 0x0000000100000000)
  region size 1024K, 1 young (1024K), 0 survivors (0K)
 Metaspace       used 57776K, committed 58304K, reserved 1114112K
  class space    used 7174K, committed 7424K, reserved 1048576K
}
Event: 652.401 GC heap after
{Heap after GC invocations=48 (full 35):
 garbage-first heap   total 75776K, used 33096K [0x00000000c0000000, 0x0000000100000000)
  region size 1024K, 0 young (0K), 0 survivors (0K)
 Metaspace       used 57776K, committed 58304K, reserved 1114112K
  class space    used 7174K, committed 7424K, reserved 1048576K
}

