# JRE version: OpenJDK Runtime Environment Temurin-17.0.10+7 (17.0.10+7) (build 17.0.10+7)
# Java VM: OpenJDK 64-Bit Server VM Temurin-17.0.10+7 (17.0.10+7, mixed mode, emulated-client, tiered, compressed oops, compressed class ptrs, g1 gc, windows-amd64)
GC Precious Log:
 CPUs: 8 total, 8 available
 Memory: 7975M
 Large Page Support: Disabled
 NUMA Support: Disabled
 Compressed Oops: Enabled (32-bit)
 Heap Region Size: 1M
 Heap Min Capacity: 8M
 Heap Initial Capacity: 126M
 Heap Max Capacity: 1G
 Pre-touch: Disabled
 Parallel Workers: 8
 Concurrent Workers: 2
 Concurrent Refinement Workers: 8
 Periodic GC: Disabled
Heap:
 garbage-first heap   total 91136K, used 34638K [0x00000000c0000000, 0x0000000100000000)
  region size 1024K, 1 young (1024K), 0 survivors (0K)
 Metaspace       used 58999K, committed 59456K, reserved 1114112K
  class space    used 7340K, committed 7552K, reserved 1048576K
GC Heap History (20 events):
Event: 3298.215 GC heap before
{Heap before GC invocations=212 (full 189):
 garbage-first heap   total 91136K, used 34638K [0x00000000c0000000, 0x0000000100000000)
  region size 1024K, 1 young (1024K), 0 survivors (0K)
 Metaspace       used 58999K, committed 59456K, reserved 1114112K
  class space    used 7340K, committed 7552K, reserved 1048576K
}
Event: 3298.243 GC heap after
{Heap after GC invocations=213 (full 190):
 garbage-first heap   total 91136K, used 34638K [0x00000000c0000000, 0x0000000100000000)
  region size 1024K, 0 young (0K), 0 survivors (0K)
 Metaspace       used 58999K, committed 59456K, reserved 1114112K
  class space    used 7340K, committed 7552K, reserved 1048576K
}
Event: 3308.320 GC heap before
{Heap before GC invocations=213 (full 190):
 garbage-first heap   total 91136K, used 34638K [0x00000000c0000000, 0x0000000100000000)
  region size 1024K, 1 young (1024K), 0 survivors (0K)
 Metaspace       used 58999K, committed 59456K, reserved 1114112K
  class space    used 7340K, committed 7552K, reserved 1048576K
}
Event: 3308.346 GC heap after
{Heap after GC invocations=214 (full 191):
 garbage-first heap   total 91136K, used 34638K [0x00000000c0000000, 0x0000000100000000)
  region size 1024K, 0 young (0K), 0 survivors (0K)
 Metaspace       used 58999K, committed 59456K, reserved 1114112K
  class space    used 7340K, committed 7552K, reserved 1048576K
}
Event: 3318.413 GC heap before
{Heap before GC invocations=214 (full 191):
 garbage-first heap   total 91136K, used 34638K [0x00000000c0000000, 0x0000000100000000)
  region size 1024K, 1 young (1024K), 0 survivors (0K)
 Metaspace       used 58999K, committed 59456K, reserved 1114112K
  class space    used 7340K, committed 7552K, reserved 1048576K
}
Event: 3318.443 GC heap after
{Heap after GC invocations=215 (full 192):
 garbage-first heap   total 91136K, used 34638K [0x00000000c0000000, 0x0000000100000000)
  region size 1024K, 0 young (0K), 0 survivors (0K)
 Metaspace       used 58999K, committed 59456K, reserved 1114112K
  class space    used 7340K, committed 7552K, reserved 1048576K
}
Event: 3328.510 GC heap before
{Heap before GC invocations=215 (full 192):
 garbage-first heap   total 91136K, used 34638K [0x00000000c0000000, 0x0000000100000000)
  region size 1024K, 1 young (1024K), 0 survivors (0K)
 Metaspace       used 58999K, committed 59456K, reserved 1114112K
  class space    used 7340K, committed 7552K, reserved 1048576K
}
Event: 3328.533 GC heap after
{Heap after GC invocations=216 (full 193):
 garbage-first heap   total 91136K, used 34638K [0x00000000c0000000, 0x0000000100000000)
  region size 1024K, 0 young (0K), 0 survivors (0K)
 Metaspace       used 58999K, committed 59456K, reserved 1114112K
  class space    used 7340K, committed 7552K, reserved 1048576K
}
Event: 3338.602 GC heap before
{Heap before GC invocations=216 (full 193):
 garbage-first heap   total 91136K, used 34638K [0x00000000c0000000, 0x0000000100000000)
  region size 1024K, 1 young (1024K), 0 survivors (0K)
 Metaspace       used 58999K, committed 59456K, reserved 1114112K
  class space    used 7340K, committed 7552K, reserved 1048576K
}
Event: 3338.628 GC heap after
{Heap after GC invocations=217 (full 194):
 garbage-first heap   total 91136K, used 34638K [0x00000000c0000000, 0x0000000100000000)
  region size 1024K, 0 young (0K), 0 survivors (0K)
 Metaspace       used 58999K, committed 59456K, reserved 1114112K
  class space    used 7340K, committed 7552K, reserved 1048576K
}
Event: 3348.704 GC heap before
{Heap before GC invocations=217 (full 194):
 garbage-first heap   total 91136K, used 34638K [0x00000000c0000000, 0x0000000100000000)
  region size 1024K, 1 young (1024K), 0 survivors (0K)
 Metaspace       used 58999K, committed 59456K, reserved 1114112K
  class space    used 7340K, committed 7552K, reserved 1048576K
}
Event: 3348.730 GC heap after
{Heap after GC invocations=218 (full 195):
 garbage-first heap   total 91136K, used 34638K [0x00000000c0000000, 0x0000000100000000)
  region size 1024K, 0 young (0K), 0 survivors (0K)
 Metaspace       used 58999K, committed 59456K, reserved 1114112K
  class space    used 7340K, committed 7552K, reserved 1048576K
}
Event: 3358.798 GC heap before
{Heap before GC invocations=218 (full 195):
 garbage-first heap   total 91136K, used 34638K [0x00000000c0000000, 0x0000000100000000)
  region size 1024K, 1 young (1024K), 0 survivors (0K)
 Metaspace       used 58999K, committed 59456K, reserved 1114112K
  class space    used 7340K, committed 7552K, reserved 1048576K
}
Event: 3358.822 GC heap after
{Heap after GC invocations=219 (full 196):
 garbage-first heap   total 91136K, used 34638K [0x00000000c0000000, 0x0000000100000000)
  region size 1024K, 0 young (0K), 0 survivors (0K)
 Metaspace       used 58999K, committed 59456K, reserved 1114112K
  class space    used 7340K, committed 7552K, reserved 1048576K
}
Event: 3368.885 GC heap before
{Heap before GC invocations=219 (full 196):
 garbage-first heap   total 91136K, used 34638K [0x00000000c0000000, 0x0000000100000000)
  region size 1024K, 1 young (1024K), 0 survivors (0K)
 Metaspace       used 58999K, committed 59456K, reserved 1114112K
  class space    used 7340K, committed 7552K, reserved 1048576K
}
Event: 3368.912 GC heap after
{Heap after GC invocations=220 (full 197):
 garbage-first heap   total 91136K, used 34638K [0x00000000c0000000, 0x0000000100000000)
  region size 1024K, 0 young (0K), 0 survivors (0K)
 Metaspace       used 58999K, committed 59456K, reserved 1114112K
  class space    used 7340K, committed 7552K, reserved 1048576K
}
Event: 3379.014 GC heap before
{Heap before GC invocations=220 (full 197):
 garbage-first heap   total 91136K, used 34638K [0x00000000c0000000, 0x0000000100000000)
  region size 1024K, 1 young (1024K), 0 survivors (0K)
 Metaspace       used 58999K, committed 59456K, reserved 1114112K
  class space    used 7340K, committed 7552K, reserved 1048576K
}
Event: 3379.054 GC heap after
{Heap after GC invocations=221 (full 198):
 garbage-first heap   total 91136K, used 34638K [0x00000000c0000000, 0x0000000100000000)
  region size 1024K, 0 young (0K), 0 survivors (0K)
 Metaspace       used 58999K, committed 59456K, reserved 1114112K
  class space    used 7340K, committed 7552K, reserved 1048576K
}
Event: 3389.148 GC heap before
{Heap before GC invocations=221 (full 198):
 garbage-first heap   total 91136K, used 34638K [0x00000000c0000000, 0x0000000100000000)
  region size 1024K, 1 young (1024K), 0 survivors (0K)
 Metaspace       used 58999K, committed 59456K, reserved 1114112K
  class space    used 7340K, committed 7552K, reserved 1048576K
}
Event: 3389.179 GC heap after
{Heap after GC invocations=222 (full 199):
 garbage-first heap   total 91136K, used 34638K [0x00000000c0000000, 0x0000000100000000)
  region size 1024K, 0 young (0K), 0 survivors (0K)
 Metaspace       used 58999K, committed 59456K, reserved 1114112K
  class space    used 7340K, committed 7552K, reserved 1048576K
}

