# JRE version: OpenJDK Runtime Environment Temurin-17.0.10+7 (17.0.10+7) (build 17.0.10+7)
# Java VM: OpenJDK 64-Bit Server VM Temurin-17.0.10+7 (17.0.10+7, mixed mode, emulated-client, tiered, compressed oops, compressed class ptrs, g1 gc, windows-amd64)
GC Precious Log:
 CPUs: 8 total, 8 available
 Memory: 7975M
 Large Page Support: Disabled
 NUMA Support: Disabled
 Compressed Oops: Enabled (32-bit)
 Heap Region Size: 1M
 Heap Min Capacity: 8M
 Heap Initial Capacity: 126M
 Heap Max Capacity: 1G
 Pre-touch: Disabled
 Parallel Workers: 8
 Concurrent Workers: 2
 Concurrent Refinement Workers: 8
 Periodic GC: Disabled
Heap:
 garbage-first heap   total 102400K, used 36380K [0x00000000c0000000, 0x0000000100000000)
  region size 1024K, 1 young (1024K), 0 survivors (0K)
 Metaspace       used 59461K, committed 59904K, reserved 1114112K
  class space    used 7416K, committed 7616K, reserved 1048576K
GC Heap History (20 events):
Event: 2611.556 GC heap before
{Heap before GC invocations=180 (full 142):
 garbage-first heap   total 102400K, used 36998K [0x00000000c0000000, 0x0000000100000000)
  region size 1024K, 1 young (1024K), 0 survivors (0K)
 Metaspace       used 59461K, committed 59904K, reserved 1114112K
  class space    used 7416K, committed 7616K, reserved 1048576K
}
Event: 2611.584 GC heap after
{Heap after GC invocations=181 (full 143):
 garbage-first heap   total 102400K, used 36997K [0x00000000c0000000, 0x0000000100000000)
  region size 1024K, 0 young (0K), 0 survivors (0K)
 Metaspace       used 59461K, committed 59904K, reserved 1114112K
  class space    used 7416K, committed 7616K, reserved 1048576K
}
Event: 2621.660 GC heap before
{Heap before GC invocations=181 (full 143):
 garbage-first heap   total 102400K, used 36997K [0x00000000c0000000, 0x0000000100000000)
  region size 1024K, 1 young (1024K), 0 survivors (0K)
 Metaspace       used 59461K, committed 59904K, reserved 1114112K
  class space    used 7416K, committed 7616K, reserved 1048576K
}
Event: 2621.686 GC heap after
{Heap after GC invocations=182 (full 144):
 garbage-first heap   total 102400K, used 36997K [0x00000000c0000000, 0x0000000100000000)
  region size 1024K, 0 young (0K), 0 survivors (0K)
 Metaspace       used 59461K, committed 59904K, reserved 1114112K
  class space    used 7416K, committed 7616K, reserved 1048576K
}
Event: 2631.768 GC heap before
{Heap before GC invocations=182 (full 144):
 garbage-first heap   total 102400K, used 36997K [0x00000000c0000000, 0x0000000100000000)
  region size 1024K, 1 young (1024K), 0 survivors (0K)
 Metaspace       used 59461K, committed 59904K, reserved 1114112K
  class space    used 7416K, committed 7616K, reserved 1048576K
}
Event: 2631.801 GC heap after
{Heap after GC invocations=183 (full 145):
 garbage-first heap   total 102400K, used 36997K [0x00000000c0000000, 0x0000000100000000)
  region size 1024K, 0 young (0K), 0 survivors (0K)
 Metaspace       used 59461K, committed 59904K, reserved 1114112K
  class space    used 7416K, committed 7616K, reserved 1048576K
}
Event: 2641.880 GC heap before
{Heap before GC invocations=183 (full 145):
 garbage-first heap   total 102400K, used 36997K [0x00000000c0000000, 0x0000000100000000)
  region size 1024K, 1 young (1024K), 0 survivors (0K)
 Metaspace       used 59461K, committed 59904K, reserved 1114112K
  class space    used 7416K, committed 7616K, reserved 1048576K
}
Event: 2641.908 GC heap after
{Heap after GC invocations=184 (full 146):
 garbage-first heap   total 102400K, used 36997K [0x00000000c0000000, 0x0000000100000000)
  region size 1024K, 0 young (0K), 0 survivors (0K)
 Metaspace       used 59461K, committed 59904K, reserved 1114112K
  class space    used 7416K, committed 7616K, reserved 1048576K
}
Event: 2651.977 GC heap before
{Heap before GC invocations=184 (full 146):
 garbage-first heap   total 102400K, used 36997K [0x00000000c0000000, 0x0000000100000000)
  region size 1024K, 1 young (1024K), 0 survivors (0K)
 Metaspace       used 59461K, committed 59904K, reserved 1114112K
  class space    used 7416K, committed 7616K, reserved 1048576K
}
Event: 2652.004 GC heap after
{Heap after GC invocations=185 (full 147):
 garbage-first heap   total 102400K, used 36997K [0x00000000c0000000, 0x0000000100000000)
  region size 1024K, 0 young (0K), 0 survivors (0K)
 Metaspace       used 59461K, committed 59904K, reserved 1114112K
  class space    used 7416K, committed 7616K, reserved 1048576K
}
Event: 2662.081 GC heap before
{Heap before GC invocations=185 (full 147):
 garbage-first heap   total 102400K, used 36997K [0x00000000c0000000, 0x0000000100000000)
  region size 1024K, 1 young (1024K), 0 survivors (0K)
 Metaspace       used 59461K, committed 59904K, reserved 1114112K
  class space    used 7416K, committed 7616K, reserved 1048576K
}
Event: 2662.108 GC heap after
{Heap after GC invocations=186 (full 148):
 garbage-first heap   total 102400K, used 36997K [0x00000000c0000000, 0x0000000100000000)
  region size 1024K, 0 young (0K), 0 survivors (0K)
 Metaspace       used 59461K, committed 59904K, reserved 1114112K
  class space    used 7416K, committed 7616K, reserved 1048576K
}
Event: 2672.189 GC heap before
{Heap before GC invocations=186 (full 148):
 garbage-first heap   total 102400K, used 36997K [0x00000000c0000000, 0x0000000100000000)
  region size 1024K, 1 young (1024K), 0 survivors (0K)
 Metaspace       used 59461K, committed 59904K, reserved 1114112K
  class space    used 7416K, committed 7616K, reserved 1048576K
}
Event: 2672.215 GC heap after
{Heap after GC invocations=187 (full 149):
 garbage-first heap   total 102400K, used 36997K [0x00000000c0000000, 0x0000000100000000)
  region size 1024K, 0 young (0K), 0 survivors (0K)
 Metaspace       used 59461K, committed 59904K, reserved 1114112K
  class space    used 7416K, committed 7616K, reserved 1048576K
}
Event: 2722.331 GC heap before
{Heap before GC invocations=187 (full 149):
 garbage-first heap   total 102400K, used 46213K [0x00000000c0000000, 0x0000000100000000)
  region size 1024K, 10 young (10240K), 0 survivors (0K)
 Metaspace       used 59461K, committed 59904K, reserved 1114112K
  class space    used 7416K, committed 7616K, reserved 1048576K
}
Event: 2722.363 GC heap after
{Heap after GC invocations=188 (full 150):
 garbage-first heap   total 102400K, used 36380K [0x00000000c0000000, 0x0000000100000000)
  region size 1024K, 0 young (0K), 0 survivors (0K)
 Metaspace       used 59461K, committed 59904K, reserved 1114112K
  class space    used 7416K, committed 7616K, reserved 1048576K
}
Event: 2732.424 GC heap before
{Heap before GC invocations=188 (full 150):
 garbage-first heap   total 102400K, used 36380K [0x00000000c0000000, 0x0000000100000000)
  region size 1024K, 1 young (1024K), 0 survivors (0K)
 Metaspace       used 59461K, committed 59904K, reserved 1114112K
  class space    used 7416K, committed 7616K, reserved 1048576K
}
Event: 2732.448 GC heap after
{Heap after GC invocations=189 (full 151):
 garbage-first heap   total 102400K, used 36380K [0x00000000c0000000, 0x0000000100000000)
  region size 1024K, 0 young (0K), 0 survivors (0K)
 Metaspace       used 59461K, committed 59904K, reserved 1114112K
  class space    used 7416K, committed 7616K, reserved 1048576K
}
Event: 2742.614 GC heap before
{Heap before GC invocations=189 (full 151):
 garbage-first heap   total 102400K, used 36380K [0x00000000c0000000, 0x0000000100000000)
  region size 1024K, 1 young (1024K), 0 survivors (0K)
 Metaspace       used 59461K, committed 59904K, reserved 1114112K
  class space    used 7416K, committed 7616K, reserved 1048576K
}
Event: 2742.657 GC heap after
{Heap after GC invocations=190 (full 152):
 garbage-first heap   total 102400K, used 36380K [0x00000000c0000000, 0x0000000100000000)
  region size 1024K, 0 young (0K), 0 survivors (0K)
 Metaspace       used 59461K, committed 59904K, reserved 1114112K
  class space    used 7416K, committed 7616K, reserved 1048576K
}

